<?xml version="1.0" encoding="UTF-8"?>
<!-- Generated by org.testng.reporters.JUnitReportReporter -->
<testsuite hostname="VDSLDC00876" failures="0" tests="3" name="Dec_20.Vegitables" time="0.019" errors="0" timestamp="2024-02-06T12:56:04 EST" skipped="0">
  <testcase classname="Dec_20.Vegitables" name="potato" time="0.002"/>
  <system-out/>
  <testcase classname="Dec_20.Vegitables" name="bringle" time="0.015"/>
  <system-out/>
  <testcase classname="Dec_20.Vegitables" name="tomato" time="0.002"/>
  <system-out/>
</testsuite> <!-- Dec_20.Vegitables -->
