<?xml version="1.0" encoding="UTF-8"?>
<!-- Generated by org.testng.reporters.JUnitReportReporter -->
<testsuite hostname="VDSLDC00876" failures="0" tests="3" name="Dec_20.Fruits" time="0.017" errors="0" timestamp="2024-02-06T12:56:04 EST" skipped="0">
  <testcase classname="Dec_20.Fruits" name="apple" time="0.002"/>
  <system-out/>
  <testcase classname="Dec_20.Fruits" name="mango" time="0.013"/>
  <system-out/>
  <testcase classname="Dec_20.Fruits" name="orange" time="0.002"/>
  <system-out/>
</testsuite> <!-- Dec_20.Fruits -->
