<?xml version="1.0" encoding="UTF-8"?>
<!-- Generated by org.testng.reporters.JUnitReportReporter -->
<testsuite hostname="VDSLDC00876" failures="0" tests="1" name="Dec_12.Practice_TestNG.FeedFileUpload" time="11.006" errors="0" timestamp="2024-02-06T12:56:04 EST" skipped="0">
  <testcase classname="Dec_12.Practice_TestNG.FeedFileUpload" name="ChromeD" time="11.006"/>
  <system-out/>
</testsuite> <!-- Dec_12.Practice_TestNG.FeedFileUpload -->
