<?xml version="1.0" encoding="UTF-8"?>
<!-- Generated by org.testng.reporters.JUnitReportReporter -->
<testsuite hostname="VDSLDC00876" failures="0" tests="2" name="Dec_21.Animal" time="0.004" errors="0" timestamp="2024-02-06T12:56:04 EST" skipped="0">
  <testcase classname="Dec_21.Animal" name="tiger" time="0.002"/>
  <system-out/>
  <testcase classname="Dec_21.Animal" name="cow" time="0.002"/>
  <system-out/>
</testsuite> <!-- Dec_21.Animal -->
