<?xml version="1.0" encoding="UTF-8"?>
<!-- Generated by org.testng.reporters.JUnitReportReporter -->
<testsuite hostname="VDSLDC00876" failures="0" tests="1" name="Dec_12.Practice_TestNG.EdgeBrowser" time="13.648" errors="0" timestamp="2024-02-06T12:56:04 EST" skipped="0">
  <testcase classname="Dec_12.Practice_TestNG.EdgeBrowser" name="EdgeD" time="13.648"/>
  <system-out/>
</testsuite> <!-- Dec_12.Practice_TestNG.EdgeBrowser -->
